This is pdfTeX, Version 3.141592653-2.6-1.40.25 (MiKTeX 24.1) (preloaded format=pdflatex 2025.10.2)  21 OCT 2025 15:55
entering extended mode
 restricted \write18 enabled.
 %&-line parsing enabled.
**./3cc9e404d6084a9aa4179e4b559e5481.tex
(3cc9e404d6084a9aa4179e4b559e5481.tex
LaTeX2e <2023-11-01> patch level 1
L3 programming layer <2024-01-04>
(C:\Users\TEODO\AppData\Local\Programs\MiKTeX\tex/latex/base\article.cls
Document Class: article 2023/05/17 v1.4n Standard LaTeX document class
(C:\Users\TEODO\AppData\Local\Programs\MiKTeX\tex/latex/base\size10.clo
File: size10.clo 2023/05/17 v1.4n Standard LaTeX file (size option)
)
\c@part=\count187
\c@section=\count188
\c@subsection=\count189
\c@subsubsection=\count190
\c@paragraph=\count191
\c@subparagraph=\count192
\c@figure=\count193
\c@table=\count194
\abovecaptionskip=\skip48
\belowcaptionskip=\skip49
\bibindent=\dimen140
)
(C:\Users\TEODO\AppData\Local\Programs\MiKTeX\tex/latex/amsmath\amsmath.sty
Package: amsmath 2023/05/13 v2.17o AMS math features
\@mathmargin=\skip50

For additional information on amsmath, use the `?' option.
(C:\Users\TEODO\AppData\Local\Programs\MiKTeX\tex/latex/amsmath\amstext.sty
Package: amstext 2021/08/26 v2.01 AMS text

(C:\Users\TEODO\AppData\Local\Programs\MiKTeX\tex/latex/amsmath\amsgen.sty
File: amsgen.sty 1999/11/30 v2.0 generic functions
\@emptytoks=\toks17
\ex@=\dimen141
))
(C:\Users\TEODO\AppData\Local\Programs\MiKTeX\tex/latex/amsmath\amsbsy.sty
Package: amsbsy 1999/11/29 v1.2d Bold Symbols
\pmbraise@=\dimen142
)
(C:\Users\TEODO\AppData\Local\Programs\MiKTeX\tex/latex/amsmath\amsopn.sty
Package: amsopn 2022/04/08 v2.04 operator names
)
\inf@bad=\count195
LaTeX Info: Redefining \frac on input line 234.
\uproot@=\count196
\leftroot@=\count197
LaTeX Info: Redefining \overline on input line 399.
LaTeX Info: Redefining \colon on input line 410.
\classnum@=\count198
\DOTSCASE@=\count199
LaTeX Info: Redefining \ldots on input line 496.
LaTeX Info: Redefining \dots on input line 499.
LaTeX Info: Redefining \cdots on input line 620.
\Mathstrutbox@=\box51
\strutbox@=\box52
LaTeX Info: Redefining \big on input line 722.
LaTeX Info: Redefining \Big on input line 723.
LaTeX Info: Redefining \bigg on input line 724.
LaTeX Info: Redefining \Bigg on input line 725.
\big@size=\dimen143
LaTeX Font Info:    Redeclaring font encoding OML on input line 743.
LaTeX Font Info:    Redeclaring font encoding OMS on input line 744.
\macc@depth=\count266
LaTeX Info: Redefining \bmod on input line 905.
LaTeX Info: Redefining \pmod on input line 910.
LaTeX Info: Redefining \smash on input line 940.
LaTeX Info: Redefining \relbar on input line 970.
LaTeX Info: Redefining \Relbar on input line 971.
\c@MaxMatrixCols=\count267
\dotsspace@=\muskip16
\c@parentequation=\count268
\dspbrk@lvl=\count269
\tag@help=\toks18
\row@=\count270
\column@=\count271
\maxfields@=\count272
\andhelp@=\toks19
\eqnshift@=\dimen144
\alignsep@=\dimen145
\tagshift@=\dimen146
\tagwidth@=\dimen147
\totwidth@=\dimen148
\lineht@=\dimen149
\@envbody=\toks20
\multlinegap=\skip51
\multlinetaggap=\skip52
\mathdisplay@stack=\toks21
LaTeX Info: Redefining \[ on input line 2953.
LaTeX Info: Redefining \] on input line 2954.
)
(C:\Users\TEODO\AppData\Local\Programs\MiKTeX\tex/latex/amsfonts\amssymb.sty
Package: amssymb 2013/01/14 v3.01 AMS font symbols

(C:\Users\TEODO\AppData\Local\Programs\MiKTeX\tex/latex/amsfonts\amsfonts.sty
Package: amsfonts 2013/01/14 v3.01 Basic AMSFonts support
\symAMSa=\mathgroup4
\symAMSb=\mathgroup5
LaTeX Font Info:    Redeclaring math symbol \hbar on input line 98.
LaTeX Font Info:    Overwriting math alphabet `\mathfrak' in version `bold'
(Font)                  U/euf/m/n --> U/euf/b/n on input line 106.
)) (C:\Users\TEODO\AppData\Local\Programs\MiKTeX\tex/latex/lm\lmodern.sty
Package: lmodern 2015/05/01 v1.6.1 Latin Modern Fonts
LaTeX Font Info:    Overwriting symbol font `operators' in version `normal'
(Font)                  OT1/cmr/m/n --> OT1/lmr/m/n on input line 22.
LaTeX Font Info:    Overwriting symbol font `letters' in version `normal'
(Font)                  OML/cmm/m/it --> OML/lmm/m/it on input line 23.
LaTeX Font Info:    Overwriting symbol font `symbols' in version `normal'
(Font)                  OMS/cmsy/m/n --> OMS/lmsy/m/n on input line 24.
LaTeX Font Info:    Overwriting symbol font `largesymbols' in version `normal'
(Font)                  OMX/cmex/m/n --> OMX/lmex/m/n on input line 25.
LaTeX Font Info:    Overwriting symbol font `operators' in version `bold'
(Font)                  OT1/cmr/bx/n --> OT1/lmr/bx/n on input line 26.
LaTeX Font Info:    Overwriting symbol font `letters' in version `bold'
(Font)                  OML/cmm/b/it --> OML/lmm/b/it on input line 27.
LaTeX Font Info:    Overwriting symbol font `symbols' in version `bold'
(Font)                  OMS/cmsy/b/n --> OMS/lmsy/b/n on input line 28.
LaTeX Font Info:    Overwriting symbol font `largesymbols' in version `bold'
(Font)                  OMX/cmex/m/n --> OMX/lmex/m/n on input line 29.
LaTeX Font Info:    Overwriting math alphabet `\mathbf' in version `normal'
(Font)                  OT1/cmr/bx/n --> OT1/lmr/bx/n on input line 31.
LaTeX Font Info:    Overwriting math alphabet `\mathsf' in version `normal'
(Font)                  OT1/cmss/m/n --> OT1/lmss/m/n on input line 32.
LaTeX Font Info:    Overwriting math alphabet `\mathit' in version `normal'
(Font)                  OT1/cmr/m/it --> OT1/lmr/m/it on input line 33.
LaTeX Font Info:    Overwriting math alphabet `\mathtt' in version `normal'
(Font)                  OT1/cmtt/m/n --> OT1/lmtt/m/n on input line 34.
LaTeX Font Info:    Overwriting math alphabet `\mathbf' in version `bold'
(Font)                  OT1/cmr/bx/n --> OT1/lmr/bx/n on input line 35.
LaTeX Font Info:    Overwriting math alphabet `\mathsf' in version `bold'
(Font)                  OT1/cmss/bx/n --> OT1/lmss/bx/n on input line 36.
LaTeX Font Info:    Overwriting math alphabet `\mathit' in version `bold'
(Font)                  OT1/cmr/bx/it --> OT1/lmr/bx/it on input line 37.
LaTeX Font Info:    Overwriting math alphabet `\mathtt' in version `bold'
(Font)                  OT1/cmtt/m/n --> OT1/lmtt/m/n on input line 38.
)
(C:\Users\TEODO\AppData\Local\Programs\MiKTeX\tex/generic/iftex\iftex.sty
Package: iftex 2022/02/03 v1.0f TeX engine tests
)
(C:\Users\TEODO\AppData\Local\Programs\MiKTeX\tex/latex/base\fontenc.sty
Package: fontenc 2021/04/29 v2.0v Standard LaTeX package
LaTeX Font Info:    Trying to load font information for T1+lmr on input line 11
2.

(C:\Users\TEODO\AppData\Local\Programs\MiKTeX\tex/latex/lm\t1lmr.fd
File: t1lmr.fd 2015/05/01 v1.6.1 Font defs for Latin Modern
))
(C:\Users\TEODO\AppData\Local\Programs\MiKTeX\tex/latex/base\inputenc.sty
Package: inputenc 2021/02/14 v1.3d Input encoding file
\inpenc@prehook=\toks22
\inpenc@posthook=\toks23
)
(C:\Users\TEODO\AppData\Local\Programs\MiKTeX\tex/latex/base\textcomp.sty
Package: textcomp 2020/02/02 v2.0n Standard LaTeX package
)
(C:\Users\TEODO\AppData\Local\Programs\MiKTeX\tex/latex/upquote\upquote.sty
Package: upquote 2012/04/19 v1.3 upright-quote and grave-accent glyphs in verba
tim
)
(C:\Users\TEODO\AppData\Local\Programs\MiKTeX\tex/latex/microtype\microtype.sty
Package: microtype 2025/07/09 v3.2b Micro-typographical refinements (RS)
(C:\Users\TEODO\AppData\Local\Programs\MiKTeX\tex/latex/graphics\keyval.sty
Package: keyval 2022/05/29 v1.15 key=value parser (DPC)
\KV@toks@=\toks24
)
(C:\Users\TEODO\AppData\Local\Programs\MiKTeX\tex/latex/etoolbox\etoolbox.sty
Package: etoolbox 2020/10/05 v2.5k e-TeX tools for LaTeX (JAW)
\etb@tempcnta=\count273
)
\MT@toks=\toks25
\MT@tempbox=\box53
\MT@count=\count274
LaTeX Info: Redefining \noprotrusionifhmode on input line 1087.
LaTeX Info: Redefining \leftprotrusion on input line 1088.
\MT@prot@toks=\toks26
LaTeX Info: Redefining \rightprotrusion on input line 1107.
LaTeX Info: Redefining \textls on input line 1449.
\MT@outer@kern=\dimen150
LaTeX Info: Redefining \microtypecontext on input line 2053.
LaTeX Info: Redefining \textmicrotypecontext on input line 2070.
\MT@listname@count=\count275

(C:\Users\TEODO\AppData\Local\Programs\MiKTeX\tex/latex/microtype\microtype-pdf
tex.def
File: microtype-pdftex.def 2025/07/09 v3.2b Definitions specific to pdftex (RS)

LaTeX Info: Redefining \lsstyle on input line 944.
LaTeX Info: Redefining \lslig on input line 944.
\MT@outer@space=\skip53
)
Package microtype Info: Loading configuration file microtype.cfg.

(C:\Users\TEODO\AppData\Local\Programs\MiKTeX\tex/latex/microtype\microtype.cfg
File: microtype.cfg 2025/07/09 v3.2b microtype main configuration file (RS)
)
LaTeX Info: Redefining \microtypesetup on input line 3065.
) (C:\Users\TEODO\AppData\Local\Programs\MiKTeX\tex/latex/parskip\parskip.sty
Package: parskip 2021-03-14 v2.0h non-zero parskip adjustments

(C:\Users\TEODO\AppData\Local\Programs\MiKTeX\tex/latex/kvoptions\kvoptions.sty
Package: kvoptions 2022-06-15 v3.15 Key value format for package options (HO)
(C:\Users\TEODO\AppData\Local\Programs\MiKTeX\tex/generic/ltxcmds\ltxcmds.sty
Package: ltxcmds 2023-12-04 v1.26 LaTeX kernel commands for general use (HO)
)
(C:\Users\TEODO\AppData\Local\Programs\MiKTeX\tex/latex/kvsetkeys\kvsetkeys.sty
Package: kvsetkeys 2022-10-05 v1.19 Key value parser (HO)
))) (C:\Users\TEODO\AppData\Local\Programs\MiKTeX\tex/latex/xcolor\xcolor.sty
Package: xcolor 2023/11/15 v3.01 LaTeX color extensions (UK)

(C:\Users\TEODO\AppData\Local\Programs\MiKTeX\tex/latex/graphics-cfg\color.cfg
File: color.cfg 2016/01/02 v1.6 sample color configuration
)
Package xcolor Info: Driver file: pdftex.def on input line 274.

(C:\Users\TEODO\AppData\Local\Programs\MiKTeX\tex/latex/graphics-def\pdftex.def
File: pdftex.def 2022/09/22 v1.2b Graphics/color driver for pdftex
)
(C:\Users\TEODO\AppData\Local\Programs\MiKTeX\tex/latex/graphics\mathcolor.ltx)
Package xcolor Info: Model `cmy' substituted by `cmy0' on input line 1350.
Package xcolor Info: Model `hsb' substituted by `rgb' on input line 1354.
Package xcolor Info: Model `RGB' extended on input line 1366.
Package xcolor Info: Model `HTML' substituted by `rgb' on input line 1368.
Package xcolor Info: Model `Hsb' substituted by `hsb' on input line 1369.
Package xcolor Info: Model `tHsb' substituted by `hsb' on input line 1370.
Package xcolor Info: Model `HSB' substituted by `hsb' on input line 1371.
Package xcolor Info: Model `Gray' substituted by `gray' on input line 1372.
Package xcolor Info: Model `wave' substituted by `hsb' on input line 1373.
) (C:\Users\TEODO\AppData\Local\Programs\MiKTeX\tex/latex/graphics\graphicx.sty
Package: graphicx 2021/09/16 v1.2d Enhanced LaTeX Graphics (DPC,SPQR)
(C:\Users\TEODO\AppData\Local\Programs\MiKTeX\tex/latex/graphics\graphics.sty
Package: graphics 2022/03/10 v1.4e Standard LaTeX Graphics (DPC,SPQR)

(C:\Users\TEODO\AppData\Local\Programs\MiKTeX\tex/latex/graphics\trig.sty
Package: trig 2021/08/11 v1.11 sin cos tan (DPC)
)
(C:\Users\TEODO\AppData\Local\Programs\MiKTeX\tex/latex/graphics-cfg\graphics.c
fg
File: graphics.cfg 2016/06/04 v1.11 sample graphics configuration
)
Package graphics Info: Driver file: pdftex.def on input line 107.
)
\Gin@req@height=\dimen151
\Gin@req@width=\dimen152
)
(C:\Users\TEODO\AppData\Local\Programs\MiKTeX\tex/latex/bookmark\bookmark.sty
Package: bookmark 2023-12-10 v1.31 PDF bookmarks (HO)

(C:\Users\TEODO\AppData\Local\Programs\MiKTeX\tex/latex/hyperref\hyperref.sty
Package: hyperref 2023-11-26 v7.01g Hypertext links for LaTeX

(C:\Users\TEODO\AppData\Local\Programs\MiKTeX\tex/generic/infwarerr\infwarerr.s
ty
Package: infwarerr 2019/12/03 v1.5 Providing info/warning/error messages (HO)
)
(C:\Users\TEODO\AppData\Local\Programs\MiKTeX\tex/generic/kvdefinekeys\kvdefine
keys.sty
Package: kvdefinekeys 2019-12-19 v1.6 Define keys (HO)
)
(C:\Users\TEODO\AppData\Local\Programs\MiKTeX\tex/generic/pdfescape\pdfescape.s
ty
Package: pdfescape 2019/12/09 v1.15 Implements pdfTeX's escape features (HO)

(C:\Users\TEODO\AppData\Local\Programs\MiKTeX\tex/generic/pdftexcmds\pdftexcmds
.sty
Package: pdftexcmds 2020-06-27 v0.33 Utility functions of pdfTeX for LuaTeX (HO
)
Package pdftexcmds Info: \pdf@primitive is available.
Package pdftexcmds Info: \pdf@ifprimitive is available.
Package pdftexcmds Info: \pdfdraftmode found.
))
(C:\Users\TEODO\AppData\Local\Programs\MiKTeX\tex/latex/hycolor\hycolor.sty
Package: hycolor 2020-01-27 v1.10 Color options for hyperref/bookmark (HO)
)
(C:\Users\TEODO\AppData\Local\Programs\MiKTeX\tex/latex/letltxmacro\letltxmacro
.sty
Package: letltxmacro 2019/12/03 v1.6 Let assignment for LaTeX macros (HO)
)
(C:\Users\TEODO\AppData\Local\Programs\MiKTeX\tex/latex/auxhook\auxhook.sty
Package: auxhook 2019-12-17 v1.6 Hooks for auxiliary files (HO)
)
(C:\Users\TEODO\AppData\Local\Programs\MiKTeX\tex/latex/hyperref\nameref.sty
Package: nameref 2023-11-26 v2.56 Cross-referencing by name of section

(C:\Users\TEODO\AppData\Local\Programs\MiKTeX\tex/latex/refcount\refcount.sty
Package: refcount 2019/12/15 v3.6 Data extraction from label references (HO)
)
(C:\Users\TEODO\AppData\Local\Programs\MiKTeX\tex/generic/gettitlestring\gettit
lestring.sty
Package: gettitlestring 2019/12/15 v1.6 Cleanup title references (HO)
)
\c@section@level=\count276
)
\@linkdim=\dimen153
\Hy@linkcounter=\count277
\Hy@pagecounter=\count278

(C:\Users\TEODO\AppData\Local\Programs\MiKTeX\tex/latex/hyperref\pd1enc.def
File: pd1enc.def 2023-11-26 v7.01g Hyperref: PDFDocEncoding definition (HO)
Now handling font encoding PD1 ...
... no UTF-8 mapping file for font encoding PD1
)
(C:\Users\TEODO\AppData\Local\Programs\MiKTeX\tex/generic/intcalc\intcalc.sty
Package: intcalc 2019/12/15 v1.3 Expandable calculations with integers (HO)
)
\Hy@SavedSpaceFactor=\count279

(C:\Users\TEODO\AppData\Local\Programs\MiKTeX\tex/latex/hyperref\puenc.def
File: puenc.def 2023-11-26 v7.01g Hyperref: PDF Unicode definition (HO)
Now handling font encoding PU ...
... no UTF-8 mapping file for font encoding PU
)
Package hyperref Info: Option `unicode' set `true' on input line 4064.
Package hyperref Info: Hyper figures OFF on input line 4181.
Package hyperref Info: Link nesting OFF on input line 4186.
Package hyperref Info: Hyper index ON on input line 4189.
Package hyperref Info: Plain pages OFF on input line 4196.
Package hyperref Info: Backreferencing OFF on input line 4201.
Package hyperref Info: Implicit mode ON; LaTeX internals redefined.
Package hyperref Info: Bookmarks ON on input line 4448.
\c@Hy@tempcnt=\count280

(C:\Users\TEODO\AppData\Local\Programs\MiKTeX\tex/latex/url\url.sty
\Urlmuskip=\muskip17
Package: url 2013/09/16  ver 3.4  Verb mode for urls, etc.
)
LaTeX Info: Redefining \url on input line 4786.
\XeTeXLinkMargin=\dimen154

(C:\Users\TEODO\AppData\Local\Programs\MiKTeX\tex/generic/bitset\bitset.sty
Package: bitset 2019/12/09 v1.3 Handle bit-vector datatype (HO)

(C:\Users\TEODO\AppData\Local\Programs\MiKTeX\tex/generic/bigintcalc\bigintcalc
.sty
Package: bigintcalc 2019/12/15 v1.5 Expandable calculations on big integers (HO
)
))
\Fld@menulength=\count281
\Field@Width=\dimen155
\Fld@charsize=\dimen156
Package hyperref Info: Hyper figures OFF on input line 6065.
Package hyperref Info: Link nesting OFF on input line 6070.
Package hyperref Info: Hyper index ON on input line 6073.
Package hyperref Info: backreferencing OFF on input line 6080.
Package hyperref Info: Link coloring OFF on input line 6085.
Package hyperref Info: Link coloring with OCG OFF on input line 6090.
Package hyperref Info: PDF/A mode OFF on input line 6095.

(C:\Users\TEODO\AppData\Local\Programs\MiKTeX\tex/latex/base\atbegshi-ltx.sty
Package: atbegshi-ltx 2021/01/10 v1.0c Emulation of the original atbegshi
package with kernel methods
)
\Hy@abspage=\count282
\c@Item=\count283
\c@Hfootnote=\count284
)
Package hyperref Info: Driver (autodetected): hpdftex.
(C:\Users\TEODO\AppData\Local\Programs\MiKTeX\tex/latex/hyperref\hpdftex.def
File: hpdftex.def 2023-11-26 v7.01g Hyperref driver for pdfTeX

(C:\Users\TEODO\AppData\Local\Programs\MiKTeX\tex/latex/base\atveryend-ltx.sty
Package: atveryend-ltx 2020/08/19 v1.0a Emulation of the original atveryend pac
kage
with kernel methods
)
\Fld@listcount=\count285
\c@bookmark@seq@number=\count286

(C:\Users\TEODO\AppData\Local\Programs\MiKTeX\tex/latex/rerunfilecheck\rerunfil
echeck.sty
Package: rerunfilecheck 2025-06-21 v1.11 Rerun checks for auxiliary files (HO)

(C:\Users\TEODO\AppData\Local\Programs\MiKTeX\tex/generic/uniquecounter\uniquec
ounter.sty
Package: uniquecounter 2019/12/15 v1.4 Provide unlimited unique counter (HO)
)
Package uniquecounter Info: New unique counter `rerunfilecheck' on input line 2
84.
)
\Hy@SectionHShift=\skip54
)
(C:\Users\TEODO\AppData\Local\Programs\MiKTeX\tex/latex/bookmark\bkm-pdftex.def
File: bkm-pdftex.def 2023-12-10 v1.31 bookmark driver for pdfTeX and luaTeX (HO
)
\BKM@id=\count287
)) (C:\Users\TEODO\AppData\Local\Programs\MiKTeX\tex/latex/xurl\xurl.sty
Package: xurl 2022/01/09 v 0.10 modify URL breaks
)
(C:\Users\TEODO\AppData\Local\Programs\MiKTeX\tex/latex/l3backend\l3backend-pdf
tex.def
File: l3backend-pdftex.def 2024-01-04 L3 backend support: PDF output (pdfTeX)
\l__color_backend_stack_int=\count288
\l__pdf_internal_box=\box54
) (3cc9e404d6084a9aa4179e4b559e5481.aux)
\openout1 = `3cc9e404d6084a9aa4179e4b559e5481.aux'.

LaTeX Font Info:    Checking defaults for OML/cmm/m/it on input line 66.
LaTeX Font Info:    ... okay on input line 66.
LaTeX Font Info:    Checking defaults for OMS/cmsy/m/n on input line 66.
LaTeX Font Info:    ... okay on input line 66.
LaTeX Font Info:    Checking defaults for OT1/cmr/m/n on input line 66.
LaTeX Font Info:    ... okay on input line 66.
LaTeX Font Info:    Checking defaults for T1/cmr/m/n on input line 66.
LaTeX Font Info:    ... okay on input line 66.
LaTeX Font Info:    Checking defaults for TS1/cmr/m/n on input line 66.
LaTeX Font Info:    ... okay on input line 66.
LaTeX Font Info:    Checking defaults for OMX/cmex/m/n on input line 66.
LaTeX Font Info:    ... okay on input line 66.
LaTeX Font Info:    Checking defaults for U/cmr/m/n on input line 66.
LaTeX Font Info:    ... okay on input line 66.
LaTeX Font Info:    Checking defaults for PD1/pdf/m/n on input line 66.
LaTeX Font Info:    ... okay on input line 66.
LaTeX Font Info:    Checking defaults for PU/pdf/m/n on input line 66.
LaTeX Font Info:    ... okay on input line 66.
LaTeX Info: Redefining \microtypecontext on input line 66.
Package microtype Info: Applying patch `item' on input line 66.
Package microtype Info: Applying patch `toc' on input line 66.
Package microtype Info: Applying patch `eqnum' on input line 66.
Package microtype Info: Applying patch `footnote' on input line 66.
Package microtype Info: Applying patch `verbatim' on input line 66.
LaTeX Info: Redefining \microtypesetup on input line 66.
Package microtype Info: Generating PDF output.
Package microtype Info: Character protrusion enabled (level 2).
Package microtype Info: Using protrusion set `basicmath'.
Package microtype Info: Automatic font expansion enabled (level 2),
(microtype)             stretch: 20, shrink: 20, step: 1, non-selected.
Package microtype Info: Using default expansion set `alltext-nott'.
Package microtype Info: Patching command `\showhyphens'.
Package microtype Info: No adjustment of tracking.
Package microtype Info: No adjustment of interword spacing.
Package microtype Info: No adjustment of character kerning.

(C:\Users\TEODO\AppData\Local\Programs\MiKTeX\tex/latex/microtype\mt-cmr.cfg
File: mt-cmr.cfg 2013/05/19 v2.2 microtype config. file: Computer Modern Roman 
(RS)
)
(C:\Users\TEODO\AppData\Local\Programs\MiKTeX\tex/context/base/mkii\supp-pdf.mk
ii
[Loading MPS to PDF converter (version 2006.09.02).]
\scratchcounter=\count289
\scratchdimen=\dimen157
\scratchbox=\box55
\nofMPsegments=\count290
\nofMParguments=\count291
\everyMPshowfont=\toks27
\MPscratchCnt=\count292
\MPscratchDim=\dimen158
\MPnumerator=\count293
\makeMPintoPDFobject=\count294
\everyMPtoPDFconversion=\toks28
)
(C:\Users\TEODO\AppData\Local\Programs\MiKTeX\tex/latex/epstopdf-pkg\epstopdf-b
ase.sty
Package: epstopdf-base 2020-01-24 v2.11 Base part for package epstopdf
Package epstopdf-base Info: Redefining graphics rule for `.eps' on input line 4
85.

(C:\Users\TEODO\AppData\Local\Programs\MiKTeX\tex/latex/00miktex\epstopdf-sys.c
fg
File: epstopdf-sys.cfg 2021/03/18 v2.0 Configuration of epstopdf for MiKTeX
))
Package hyperref Info: Link coloring OFF on input line 66.
LaTeX Font Info:    Trying to load font information for OT1+lmr on input line 7
0.
 (C:\Users\TEODO\AppData\Local\Programs\MiKTeX\tex/latex/lm\ot1lmr.fd
File: ot1lmr.fd 2015/05/01 v1.6.1 Font defs for Latin Modern
)
LaTeX Font Info:    Trying to load font information for OML+lmm on input line 7
0.

(C:\Users\TEODO\AppData\Local\Programs\MiKTeX\tex/latex/lm\omllmm.fd
File: omllmm.fd 2015/05/01 v1.6.1 Font defs for Latin Modern
)
LaTeX Font Info:    Trying to load font information for OMS+lmsy on input line 
70.

(C:\Users\TEODO\AppData\Local\Programs\MiKTeX\tex/latex/lm\omslmsy.fd
File: omslmsy.fd 2015/05/01 v1.6.1 Font defs for Latin Modern
)
LaTeX Font Info:    Trying to load font information for OMX+lmex on input line 
70.

(C:\Users\TEODO\AppData\Local\Programs\MiKTeX\tex/latex/lm\omxlmex.fd
File: omxlmex.fd 2015/05/01 v1.6.1 Font defs for Latin Modern
)
LaTeX Font Info:    External font `lmex10' loaded for size
(Font)              <10> on input line 70.
LaTeX Font Info:    External font `lmex10' loaded for size
(Font)              <7> on input line 70.
LaTeX Font Info:    External font `lmex10' loaded for size
(Font)              <5> on input line 70.
LaTeX Font Info:    Trying to load font information for U+msa on input line 70.


(C:\Users\TEODO\AppData\Local\Programs\MiKTeX\tex/latex/amsfonts\umsa.fd
File: umsa.fd 2013/01/14 v3.01 AMS symbols A
)
(C:\Users\TEODO\AppData\Local\Programs\MiKTeX\tex/latex/microtype\mt-msa.cfg
File: mt-msa.cfg 2006/02/04 v1.1 microtype config. file: AMS symbols (a) (RS)
)
LaTeX Font Info:    Trying to load font information for U+msb on input line 70.


(C:\Users\TEODO\AppData\Local\Programs\MiKTeX\tex/latex/amsfonts\umsb.fd
File: umsb.fd 2013/01/14 v3.01 AMS symbols B
)
(C:\Users\TEODO\AppData\Local\Programs\MiKTeX\tex/latex/microtype\mt-msb.cfg
File: mt-msb.cfg 2005/06/01 v1.0 microtype config. file: AMS symbols (b) (RS)
)
LaTeX Font Info:    Trying to load font information for TS1+lmr on input line 7
9.

(C:\Users\TEODO\AppData\Local\Programs\MiKTeX\tex/latex/lm\ts1lmr.fd
File: ts1lmr.fd 2015/05/01 v1.6.1 Font defs for Latin Modern
)
LaTeX Font Info:    External font `lmex10' loaded for size
(Font)              <12> on input line 117.
LaTeX Font Info:    External font `lmex10' loaded for size
(Font)              <8> on input line 117.
LaTeX Font Info:    External font `lmex10' loaded for size
(Font)              <6> on input line 117.
 [1

{C:/Users/TEODO/AppData/Local/MiKTeX/fonts/map/pdftex/pdftex.map}{C:/Users/TEOD
O/AppData/Local/Programs/MiKTeX/fonts/enc/dvips/lm/lm-ec.enc}{C:/Users/TEODO/Ap
pData/Local/Programs/MiKTeX/fonts/enc/dvips/lm/lm-ts1.enc}{C:/Users/TEODO/AppDa
ta/Local/Programs/MiKTeX/fonts/enc/dvips/lm/lm-mathsy.enc}{C:/Users/TEODO/AppDa
ta/Local/Programs/MiKTeX/fonts/enc/dvips/lm/lm-mathit.enc}]
<vertopal_3cc9e404d6084a9aa4179e4b559e5481/media/image1.png, id=23, 220.57407pt
 x 49.68562pt>
File: vertopal_3cc9e404d6084a9aa4179e4b559e5481/media/image1.png Graphic file (
type png)
<use vertopal_3cc9e404d6084a9aa4179e4b559e5481/media/image1.png>
Package pdftex.def Info: vertopal_3cc9e404d6084a9aa4179e4b559e5481/media/image1
.png  used on input line 150.
(pdftex.def)             Requested size: 220.61389pt x 49.6946pt.
<vertopal_3cc9e404d6084a9aa4179e4b559e5481/media/image2.png, id=25, 285.31593pt
 x 50.43843pt>
File: vertopal_3cc9e404d6084a9aa4179e4b559e5481/media/image2.png Graphic file (
type png)
<use vertopal_3cc9e404d6084a9aa4179e4b559e5481/media/image2.png>
Package pdftex.def Info: vertopal_3cc9e404d6084a9aa4179e4b559e5481/media/image2
.png  used on input line 154.
(pdftex.def)             Requested size: 285.3544pt x 50.4452pt.
<vertopal_3cc9e404d6084a9aa4179e4b559e5481/media/image3.png, id=26, 383.18156pt
 x 48.93282pt>
File: vertopal_3cc9e404d6084a9aa4179e4b559e5481/media/image3.png Graphic file (
type png)
<use vertopal_3cc9e404d6084a9aa4179e4b559e5481/media/image3.png>
Package pdftex.def Info: vertopal_3cc9e404d6084a9aa4179e4b559e5481/media/image3
.png  used on input line 157.
(pdftex.def)             Requested size: 383.25662pt x 48.94238pt.

Overfull \hbox (38.25662pt too wide) in paragraph at lines 157--160
[][] 
 []

<vertopal_3cc9e404d6084a9aa4179e4b559e5481/media/image4.png, id=27, 400.49625pt
 x 54.2025pt>
File: vertopal_3cc9e404d6084a9aa4179e4b559e5481/media/image4.png Graphic file (
type png)
<use vertopal_3cc9e404d6084a9aa4179e4b559e5481/media/image4.png>
Package pdftex.def Info: vertopal_3cc9e404d6084a9aa4179e4b559e5481/media/image4
.png  used on input line 161.
(pdftex.def)             Requested size: 400.5747pt x 54.2131pt.

Overfull \hbox (55.5747pt too wide) in paragraph at lines 161--162
[][] 
 []

[2 <./vertopal_3cc9e404d6084a9aa4179e4b559e5481/media/image1.png> <./vertopal_3
cc9e404d6084a9aa4179e4b559e5481/media/image2.png> <./vertopal_3cc9e404d6084a9aa
4179e4b559e5481/media/image3.png> <./vertopal_3cc9e404d6084a9aa4179e4b559e5481/
media/image4.png>]
LaTeX Font Info:    Trying to load font information for T1+lmtt on input line 1
88.

(C:\Users\TEODO\AppData\Local\Programs\MiKTeX\tex/latex/lm\t1lmtt.fd
File: t1lmtt.fd 2015/05/01 v1.6.1 Font defs for Latin Modern
)
LaTeX Font Info:    Trying to load font information for TS1+lmtt on input line 
190.

(C:\Users\TEODO\AppData\Local\Programs\MiKTeX\tex/latex/lm\ts1lmtt.fd
File: ts1lmtt.fd 2015/05/01 v1.6.1 Font defs for Latin Modern
)
Overfull \hbox (6.74898pt too wide) in paragraph at lines 194--195
[]        \T1/lmtt/m/n/10 result \TS1/lmtt/m/n/10 ^^X \T1/lmtt/m/n/10 RunBestIm
provement(f, D, delta)   // hill climbing
 []


Overfull \hbox (6.74898pt too wide) in paragraph at lines 202--203
[]\T1/lmtt/m/n/10 function HybridSAwithBI(f, D, delta, initial_temp, beta, best
_ref): 
 []


Underfull \hbox (badness 10000) in paragraph at lines 204--205
[]    \T1/lmtt/m/n/10 hc \TS1/lmtt/m/n/10 ^^X \T1/lmtt/m/n/10 new HillClimbing(
f, D, delta)     // ctor seed[]uie[]te
 []


Overfull \hbox (6.74898pt too wide) in paragraph at lines 206--207
[]    \T1/lmtt/m/n/10 hc.current_fitness \TS1/lmtt/m/n/10 ^^X \T1/lmtt/m/n/10 b
est_ref          // porne[]ti cu fitnessul
 []


Overfull \hbox (22.49893pt too wide) in paragraph at lines 220--221
[]            \T1/lmtt/m/n/10 hc.Accept(candidate, candidate_fitness)     // ac
tualizezi
 []


Underfull \hbox (badness 10000) in paragraph at lines 224--225
[]            \T1/lmtt/m/n/10 prob \TS1/lmtt/m/n/10 ^^X \T1/lmtt/m/n/10 exp(-(c
andidate_fitness - hc.current_fitness)
 []


Underfull \hbox (badness 10000) in paragraph at lines 230--231
[]        \T1/lmtt/m/n/10 T \TS1/lmtt/m/n/10 ^^X \T1/lmtt/m/n/10 T / (1 + beta 
* T)          // schema ta de r cire
 []

[3]
Underfull \hbox (badness 10000) in paragraph at lines 242--243
[]        \T1/lmtt/m/n/10 sa_result \TS1/lmtt/m/n/10 ^^X \T1/lmtt/m/n/10 Hybrid
SAwithBI(f, D, delta, initial_temp,
 []


Underfull \hbox (badness 10000) in paragraph at lines 244--245
[]        \T1/lmtt/m/n/10 colecteaz  metricile (best, worst, mean, $\OML/lmm/m/
it/10 $\T1/lmtt/m/n/10 , evalu ri
 []


Overfull \hbox (479.28348pt too wide) in paragraph at lines 261--262
[]\T1/lmr/m/n/10 (-20) Biblioteci:<algorithm>,<cmath>,<future>,<iomanip>,<iostr
eam>,<limits>,<map>,<memory>,<numeric>,<random>,<set>,<sstream>,<stdexcept>,<st
ring>,<thread>,<vector> 
 []

[4]
<vertopal_3cc9e404d6084a9aa4179e4b559e5481/media/image5.png, id=52, 715.473pt x
 427.47705pt>
File: vertopal_3cc9e404d6084a9aa4179e4b559e5481/media/image5.png Graphic file (
type png)
<use vertopal_3cc9e404d6084a9aa4179e4b559e5481/media/image5.png>
Package pdftex.def Info: vertopal_3cc9e404d6084a9aa4179e4b559e5481/media/image5
.png  used on input line 327.
(pdftex.def)             Requested size: 344.99522pt x 206.12593pt.
<vertopal_3cc9e404d6084a9aa4179e4b559e5481/media/image6.png, id=53, 239.4765pt 
x 212.211pt>
File: vertopal_3cc9e404d6084a9aa4179e4b559e5481/media/image6.png Graphic file (
type png)
<use vertopal_3cc9e404d6084a9aa4179e4b559e5481/media/image6.png>
Package pdftex.def Info: vertopal_3cc9e404d6084a9aa4179e4b559e5481/media/image6
.png  used on input line 338.
(pdftex.def)             Requested size: 165.60071pt x 146.7463pt.
<vertopal_3cc9e404d6084a9aa4179e4b559e5481/media/image7.png, id=54, 269.6985pt 
x 208.926pt>
File: vertopal_3cc9e404d6084a9aa4179e4b559e5481/media/image7.png Graphic file (
type png)
<use vertopal_3cc9e404d6084a9aa4179e4b559e5481/media/image7.png>
Package pdftex.def Info: vertopal_3cc9e404d6084a9aa4179e4b559e5481/media/image7
.png  used on input line 345.
(pdftex.def)             Requested size: 165.60226pt x 128.28629pt.
<vertopal_3cc9e404d6084a9aa4179e4b559e5481/media/image8.png, id=55, 249.66pt x 
180.018pt>
File: vertopal_3cc9e404d6084a9aa4179e4b559e5481/media/image8.png Graphic file (
type png)
<use vertopal_3cc9e404d6084a9aa4179e4b559e5481/media/image8.png>
Package pdftex.def Info: vertopal_3cc9e404d6084a9aa4179e4b559e5481/media/image8
.png  used on input line 359.
(pdftex.def)             Requested size: 165.59895pt x 119.40555pt.
<vertopal_3cc9e404d6084a9aa4179e4b559e5481/media/image9.png, id=56, 261.8145pt 
x 181.0035pt>
File: vertopal_3cc9e404d6084a9aa4179e4b559e5481/media/image9.png Graphic file (
type png)
<use vertopal_3cc9e404d6084a9aa4179e4b559e5481/media/image9.png>
Package pdftex.def Info: vertopal_3cc9e404d6084a9aa4179e4b559e5481/media/image9
.png  used on input line 366.
(pdftex.def)             Requested size: 165.59917pt x 114.48575pt.
<vertopal_3cc9e404d6084a9aa4179e4b559e5481/media/image10.png, id=57, 540.711pt 
x 710.217pt>
File: vertopal_3cc9e404d6084a9aa4179e4b559e5481/media/image10.png Graphic file 
(type png)
<use vertopal_3cc9e404d6084a9aa4179e4b559e5481/media/image10.png>
Package pdftex.def Info: vertopal_3cc9e404d6084a9aa4179e4b559e5481/media/image1
0.png  used on input line 378.
(pdftex.def)             Requested size: 345.00603pt x 453.16103pt.

Underfull \hbox (badness 10000) in paragraph at lines 405--405

 []

[5] [6 <./vertopal_3cc9e404d6084a9aa4179e4b559e5481/media/image5.png> <./vertop
al_3cc9e404d6084a9aa4179e4b559e5481/media/image6.png> <./vertopal_3cc9e404d6084
a9aa4179e4b559e5481/media/image7.png>] [7 <./vertopal_3cc9e404d6084a9aa4179e4b5
59e5481/media/image8.png> <./vertopal_3cc9e404d6084a9aa4179e4b559e5481/media/im
age9.png>] [8 <./vertopal_3cc9e404d6084a9aa4179e4b559e5481/media/image10.png>]
[9] (3cc9e404d6084a9aa4179e4b559e5481.aux)
 ***********
LaTeX2e <2023-11-01> patch level 1
L3 programming layer <2024-01-04>
 ***********
 ) 
Here is how much of TeX's memory you used:
 13164 strings out of 474486
 214191 string characters out of 5743755
 1943542 words of memory out of 5000000
 35060 multiletter control sequences out of 15000+600000
 616827 words of font info for 153 fonts, out of 8000000 for 9000
 1141 hyphenation exceptions out of 8191
 77i,9n,81p,9393b,524s stack positions out of 10000i,1000n,20000p,200000b,200000s
<C:/Users/TEODO/AppData/Local/Programs/MiKTeX/fonts/type1/public/lm/lmbx10.pf
b><C:/Users/TEODO/AppData/Local/Programs/MiKTeX/fonts/type1/public/lm/lmbx12.pf
b><C:/Users/TEODO/AppData/Local/Programs/MiKTeX/fonts/type1/public/lm/lmbx5.pfb
><C:/Users/TEODO/AppData/Local/Programs/MiKTeX/fonts/type1/public/lm/lmbx6.pfb>
<C:/Users/TEODO/AppData/Local/Programs/MiKTeX/fonts/type1/public/lm/lmmi10.pfb>
<C:/Users/TEODO/AppData/Local/Programs/MiKTeX/fonts/type1/public/lm/lmr10.pfb><
C:/Users/TEODO/AppData/Local/Programs/MiKTeX/fonts/type1/public/lm/lmr5.pfb><C:
/Users/TEODO/AppData/Local/Programs/MiKTeX/fonts/type1/public/lm/lmsy10.pfb><C:
/Users/TEODO/AppData/Local/Programs/MiKTeX/fonts/type1/public/lm/lmtt10.pfb><C:
/Users/TEODO/AppData/Local/Programs/MiKTeX/fonts/type1/public/lm/lmtt8.pfb>
Output written on 3cc9e404d6084a9aa4179e4b559e5481.pdf (9 pages, 1011234 bytes)
.
PDF statistics:
 210 PDF objects out of 1000 (max. 8388607)
 40 named destinations out of 1000 (max. 500000)
 32931 words of extra memory for PDF output out of 35830 (max. 10000000)

